MireaProject/app/build/intermediates/manifest_merge_blame_file/debug/manifest-merger-blame-debug-report.txt
1<?xml version="1.0" encoding="utf-8"?>
2<manifest xmlns:android="http://schemas.android.com/apk/res/android"
3    package="com.example.mireaproject"
4    android:versionCode="1"
5    android:versionName="1.0" >
6
7    <uses-sdk
8        android:minSdkVersion="21"
8-->src/main/AndroidManifest.xml
9        android:targetSdkVersion="30" />
9-->src/main/AndroidManifest.xml
10
11    <uses-permission android:name="android.permission.INTERNET" />
11-->src/main/AndroidManifest.xml:5:5-67
11-->src/main/AndroidManifest.xml:5:22-64
12
13    <application
13-->src/main/AndroidManifest.xml:7:5-29:19
14        android:allowBackup="true"
14-->src/main/AndroidManifest.xml:8:9-35
15        android:appComponentFactory="androidx.core.app.CoreComponentFactory"
15-->[androidx.core:core:1.5.0] AndroidManifest.xml:24:18-86
16        android:debuggable="true"
17        android:icon="@mipmap/ic_launcher"
17-->src/main/AndroidManifest.xml:9:9-43
18        android:label="@string/app_name"
18-->src/main/AndroidManifest.xml:10:9-41
19        android:roundIcon="@mipmap/ic_launcher_round"
19-->src/main/AndroidManifest.xml:11:9-54
20        android:supportsRtl="true"
20-->src/main/AndroidManifest.xml:12:9-35
21        android:theme="@style/Theme.MireaProject" >
21-->src/main/AndroidManifest.xml:13:9-50
22        <service
22-->src/main/AndroidManifest.xml:14:9-17:47
23            android:name="com.example.mireaproject.MyService"
23-->src/main/AndroidManifest.xml:15:13-38
24            android:enabled="true"
24-->src/main/AndroidManifest.xml:16:13-35
25            android:exported="true" />
25-->src/main/AndroidManifest.xml:17:13-36
26
27        <activity
27-->src/main/AndroidManifest.xml:19:9-28:20
28            android:name="com.example.mireaproject.MainActivity"
28-->src/main/AndroidManifest.xml:20:13-41
29            android:label="@string/app_name"
29-->src/main/AndroidManifest.xml:21:13-45
30            android:theme="@style/Theme.MireaProject.NoActionBar" >
30-->src/main/AndroidManifest.xml:22:13-66
31            <intent-filter>
31-->src/main/AndroidManifest.xml:23:13-27:29
32                <action android:name="android.intent.action.MAIN" />
32-->src/main/AndroidManifest.xml:24:17-69
32-->src/main/AndroidManifest.xml:24:25-66
33
34                <category android:name="android.intent.category.LAUNCHER" />
34-->src/main/AndroidManifest.xml:26:17-77
34-->src/main/AndroidManifest.xml:26:27-74
35            </intent-filter>
36        </activity>
37    </application>
38
39</manifest>